# JRE version: OpenJDK Runtime Environment Temurin-11.0.16.1+1 (11.0.16.1+1) (build 11.0.16.1+1)
# Java VM: OpenJDK 64-Bit Server VM Temurin-11.0.16.1+1 (11.0.16.1+1, mixed mode, tiered, compressed oops, g1 gc, windows-amd64)
Heap:
 garbage-first heap   total 152576K, used 72600K [0x0000000084400000, 0x0000000100000000)
  region size 1024K, 54 young (55296K), 9 survivors (9216K)
 Metaspace       used 75856K, capacity 77643K, committed 77900K, reserved 1118208K
  class space    used 9330K, capacity 10049K, committed 10060K, reserved 1048576K
GC Heap History (18 events):
Event: 0.793 GC heap before
{Heap before GC invocations=0 (full 0):
 garbage-first heap   total 126976K, used 24576K [0x0000000084400000, 0x0000000100000000)
  region size 1024K, 24 young (24576K), 0 survivors (0K)
 Metaspace       used 10096K, capacity 10305K, committed 10496K, reserved 1058816K
  class space    used 937K, capacity 1009K, committed 1024K, reserved 1048576K
}
Event: 0.801 GC heap after
{Heap after GC invocations=1 (full 0):
 garbage-first heap   total 126976K, used 8724K [0x0000000084400000, 0x0000000100000000)
  region size 1024K, 3 young (3072K), 3 survivors (3072K)
 Metaspace       used 10096K, capacity 10305K, committed 10496K, reserved 1058816K
  class space    used 937K, capacity 1009K, committed 1024K, reserved 1048576K
}
Event: 1.935 GC heap before
{Heap before GC invocations=1 (full 0):
 garbage-first heap   total 126976K, used 75284K [0x0000000084400000, 0x0000000100000000)
  region size 1024K, 69 young (70656K), 3 survivors (3072K)
 Metaspace       used 20709K, capacity 21130K, committed 21248K, reserved 1069056K
  class space    used 2287K, capacity 2460K, committed 2560K, reserved 1048576K
}
Event: 1.945 GC heap after
{Heap after GC invocations=2 (full 0):
 garbage-first heap   total 126976K, used 11173K [0x0000000084400000, 0x0000000100000000)
  region size 1024K, 6 young (6144K), 6 survivors (6144K)
 Metaspace       used 20709K, capacity 21130K, committed 21248K, reserved 1069056K
  class space    used 2287K, capacity 2460K, committed 2560K, reserved 1048576K
}
Event: 2.517 GC heap before
{Heap before GC invocations=3 (full 0):
 garbage-first heap   total 126976K, used 51109K [0x0000000084400000, 0x0000000100000000)
  region size 1024K, 45 young (46080K), 6 survivors (6144K)
 Metaspace       used 25528K, capacity 26116K, committed 26240K, reserved 1073152K
  class space    used 2959K, capacity 3165K, committed 3200K, reserved 1048576K
}
Event: 2.526 GC heap after
{Heap after GC invocations=4 (full 0):
 garbage-first heap   total 126976K, used 12585K [0x0000000084400000, 0x0000000100000000)
  region size 1024K, 4 young (4096K), 4 survivors (4096K)
 Metaspace       used 25528K, capacity 26116K, committed 26240K, reserved 1073152K
  class space    used 2959K, capacity 3165K, committed 3200K, reserved 1048576K
}
Event: 3.351 GC heap before
{Heap before GC invocations=4 (full 0):
 garbage-first heap   total 126976K, used 79145K [0x0000000084400000, 0x0000000100000000)
  region size 1024K, 70 young (71680K), 4 survivors (4096K)
 Metaspace       used 31035K, capacity 31781K, committed 31872K, reserved 1077248K
  class space    used 3615K, capacity 3926K, committed 3968K, reserved 1048576K
}
Event: 3.362 GC heap after
{Heap after GC invocations=5 (full 0):
 garbage-first heap   total 126976K, used 13988K [0x0000000084400000, 0x0000000100000000)
  region size 1024K, 6 young (6144K), 6 survivors (6144K)
 Metaspace       used 31035K, capacity 31781K, committed 31872K, reserved 1077248K
  class space    used 3615K, capacity 3926K, committed 3968K, reserved 1048576K
}
Event: 4.220 GC heap before
{Heap before GC invocations=5 (full 0):
 garbage-first heap   total 126976K, used 55972K [0x0000000084400000, 0x0000000100000000)
  region size 1024K, 48 young (49152K), 6 survivors (6144K)
 Metaspace       used 34945K, capacity 35751K, committed 35840K, reserved 1081344K
  class space    used 4126K, capacity 4449K, committed 4480K, reserved 1048576K
}
Event: 4.244 GC heap after
{Heap after GC invocations=6 (full 0):
 garbage-first heap   total 152576K, used 15803K [0x0000000084400000, 0x0000000100000000)
  region size 1024K, 5 young (5120K), 5 survivors (5120K)
 Metaspace       used 34945K, capacity 35751K, committed 35840K, reserved 1081344K
  class space    used 4126K, capacity 4449K, committed 4480K, reserved 1048576K
}
Event: 5.713 GC heap before
{Heap before GC invocations=7 (full 0):
 garbage-first heap   total 152576K, used 97723K [0x0000000084400000, 0x0000000100000000)
  region size 1024K, 85 young (87040K), 5 survivors (5120K)
 Metaspace       used 43873K, capacity 44982K, committed 45184K, reserved 1089536K
  class space    used 5299K, capacity 5758K, committed 5760K, reserved 1048576K
}
Event: 5.719 GC heap after
{Heap after GC invocations=8 (full 0):
 garbage-first heap   total 152576K, used 19545K [0x0000000084400000, 0x0000000100000000)
  region size 1024K, 9 young (9216K), 9 survivors (9216K)
 Metaspace       used 43873K, capacity 44982K, committed 45184K, reserved 1089536K
  class space    used 5299K, capacity 5758K, committed 5760K, reserved 1048576K
}
Event: 7.287 GC heap before
{Heap before GC invocations=8 (full 0):
 garbage-first heap   total 152576K, used 101465K [0x0000000084400000, 0x0000000100000000)
  region size 1024K, 89 young (91136K), 9 survivors (9216K)
 Metaspace       used 56060K, capacity 57232K, committed 57344K, reserved 1099776K
  class space    used 7060K, capacity 7569K, committed 7680K, reserved 1048576K
}
Event: 7.295 GC heap after
{Heap after GC invocations=9 (full 0):
 garbage-first heap   total 152576K, used 21956K [0x0000000084400000, 0x0000000100000000)
  region size 1024K, 9 young (9216K), 9 survivors (9216K)
 Metaspace       used 56060K, capacity 57232K, committed 57344K, reserved 1099776K
  class space    used 7060K, capacity 7569K, committed 7680K, reserved 1048576K
}
Event: 7.699 GC heap before
{Heap before GC invocations=9 (full 0):
 garbage-first heap   total 152576K, used 53700K [0x0000000084400000, 0x0000000100000000)
  region size 1024K, 41 young (41984K), 9 survivors (9216K)
 Metaspace       used 58886K, capacity 60123K, committed 60160K, reserved 1101824K
  class space    used 7399K, capacity 7935K, committed 7936K, reserved 1048576K
}
Event: 7.707 GC heap after
{Heap after GC invocations=10 (full 0):
 garbage-first heap   total 152576K, used 23953K [0x0000000084400000, 0x0000000100000000)
  region size 1024K, 9 young (9216K), 9 survivors (9216K)
 Metaspace       used 58886K, capacity 60123K, committed 60160K, reserved 1101824K
  class space    used 7399K, capacity 7935K, committed 7936K, reserved 1048576K
}
Event: 21.435 GC heap before
{Heap before GC invocations=11 (full 0):
 garbage-first heap   total 152576K, used 105873K [0x0000000084400000, 0x0000000100000000)
  region size 1024K, 89 young (91136K), 9 survivors (9216K)
 Metaspace       used 66618K, capacity 68301K, committed 68556K, reserved 1107968K
  class space    used 8457K, capacity 9144K, committed 9164K, reserved 1048576K
}
Event: 21.444 GC heap after
{Heap after GC invocations=12 (full 0):
 garbage-first heap   total 152576K, used 27544K [0x0000000084400000, 0x0000000100000000)
  region size 1024K, 9 young (9216K), 9 survivors (9216K)
 Metaspace       used 66618K, capacity 68301K, committed 68556K, reserved 1107968K
  class space    used 8457K, capacity 9144K, committed 9164K, reserved 1048576K
}

