# JRE version: OpenJDK Runtime Environment Temurin-11.0.16.1+1 (11.0.16.1+1) (build 11.0.16.1+1)
# Java VM: OpenJDK 64-Bit Server VM Temurin-11.0.16.1+1 (11.0.16.1+1, mixed mode, tiered, compressed oops, g1 gc, windows-amd64)
Heap:
 garbage-first heap   total 126976K, used 29277K [0x0000000084400000, 0x0000000100000000)
  region size 1024K, 22 young (22528K), 5 survivors (5120K)
 Metaspace       used 28482K, capacity 29135K, committed 29440K, reserved 1075200K
  class space    used 3270K, capacity 3517K, committed 3584K, reserved 1048576K
GC Heap History (6 events):
Event: 2.642 GC heap before
{Heap before GC invocations=0 (full 0):
 garbage-first heap   total 126976K, used 24576K [0x0000000084400000, 0x0000000100000000)
  region size 1024K, 24 young (24576K), 0 survivors (0K)
 Metaspace       used 10179K, capacity 10370K, committed 10496K, reserved 1058816K
  class space    used 945K, capacity 1015K, committed 1024K, reserved 1048576K
}
Event: 2.659 GC heap after
{Heap after GC invocations=1 (full 0):
 garbage-first heap   total 126976K, used 8590K [0x0000000084400000, 0x0000000100000000)
  region size 1024K, 3 young (3072K), 3 survivors (3072K)
 Metaspace       used 10179K, capacity 10370K, committed 10496K, reserved 1058816K
  class space    used 945K, capacity 1015K, committed 1024K, reserved 1048576K
}
Event: 7.292 GC heap before
{Heap before GC invocations=1 (full 0):
 garbage-first heap   total 126976K, used 71054K [0x0000000084400000, 0x0000000100000000)
  region size 1024K, 65 young (66560K), 3 survivors (3072K)
 Metaspace       used 20635K, capacity 21106K, committed 21248K, reserved 1069056K
  class space    used 2274K, capacity 2459K, committed 2560K, reserved 1048576K
}
Event: 7.307 GC heap after
{Heap after GC invocations=2 (full 0):
 garbage-first heap   total 126976K, used 11134K [0x0000000084400000, 0x0000000100000000)
  region size 1024K, 6 young (6144K), 6 survivors (6144K)
 Metaspace       used 20635K, capacity 21106K, committed 21248K, reserved 1069056K
  class space    used 2274K, capacity 2459K, committed 2560K, reserved 1048576K
}
Event: 8.225 GC heap before
{Heap before GC invocations=3 (full 0):
 garbage-first heap   total 126976K, used 59262K [0x0000000084400000, 0x0000000100000000)
  region size 1024K, 54 young (55296K), 6 survivors (6144K)
 Metaspace       used 26673K, capacity 27254K, committed 27392K, reserved 1073152K
  class space    used 3062K, capacity 3274K, committed 3328K, reserved 1048576K
}
Event: 8.250 GC heap after
{Heap after GC invocations=4 (full 0):
 garbage-first heap   total 126976K, used 12893K [0x0000000084400000, 0x0000000100000000)
  region size 1024K, 5 young (5120K), 5 survivors (5120K)
 Metaspace       used 26673K, capacity 27254K, committed 27392K, reserved 1073152K
  class space    used 3062K, capacity 3274K, committed 3328K, reserved 1048576K
}

